{"ChunkNumber":0,"Computer":"WKS-WIN764BITB.shieldbase.local","Payload":"{\"UserData\":{\"AutoBackup\":{\"Channel\":\"Security\",\"BackupPath\":\"C:\\\\Windows\\\\System32\\\\Winevt\\\\Logs\\\\Archive-Security-2012-04-07-11-12-31-996.evtx\"}}}","Channel":"Security","Provider":"Microsoft-Windows-Eventlog","EventId":1105,"EventRecordId":"980828","ProcessId":820,"ThreadId":1340,"Level":"Info","Keywords":"0x4020000000000000","SourceFile":"/tmp/sift-owl-ezt-sample/nfury-security.evtx","ExtraDataOffset":0,"HiddenRecord":false,"TimeCreated":"2012-04-07T11:12:35.6055280+00:00","RecordNumber":980828}
{"PayloadData1":"Target: SHIELDBASE\\WKS-WIN764BITB$","PayloadData2":"LogonType 3","PayloadData3":"LogonId: 0x452F18","PayloadData4":"AuthenticationPackageName: Kerberos","PayloadData5":"LogonProcessName: Kerberos","UserName":"-\\-","RemoteHost":" (-)","ExecutableInfo":"-","MapDescription":"Successful logon","ChunkNumber":0,"Computer":"WKS-WIN764BITB.shieldbase.local","Payload":"{\"EventData\":{\"Data\":[{\"@Name\":\"SubjectUserSid\",\"#text\":\"S-1-0-0\"},{\"@Name\":\"SubjectUserName\",\"#text\":\"-\"},{\"@Name\":\"SubjectDomainName\",\"#text\":\"-\"},{\"@Name\":\"SubjectLogonId\",\"#text\":\"0x0\"},{\"@Name\":\"TargetUserSid\",\"#text\":\"S-1-5-18\"},{\"@Name\":\"TargetUserName\",\"#text\":\"WKS-WIN764BITB$\"},{\"@Name\":\"TargetDomainName\",\"#text\":\"SHIELDBASE\"},{\"@Name\":\"TargetLogonId\",\"#text\":\"0x452F18\"},{\"@Name\":\"LogonType\",\"#text\":\"3\"},{\"@Name\":\"LogonProcessName\",\"#text\":\"Kerberos\"},{\"@Name\":\"AuthenticationPackageName\",\"#text\":\"Kerberos\"},{\"@Name\":\"WorkstationName\"},{\"@Name\":\"LogonGuid\",\"#text\":\"e32cd009-6392-7254-c784-5628a0f9e8e8\"},{\"@Name\":\"TransmittedServices\",\"#text\":\"-\"},{\"@Name\":\"LmPackageName\",\"#text\":\"-\"},{\"@Name\":\"KeyLength\",\"#text\":\"0\"},{\"@Name\":\"ProcessId\",\"#text\":\"0x0\"},{\"@Name\":\"ProcessName\",\"#text\":\"-\"},{\"@Name\":\"IpAddress\",\"#text\":\"-\"},{\"@Name\":\"IpPort\",\"#text\":\"-\"}]}}","Channel":"Security","Provider":"Microsoft-Windows-Security-Auditing","EventId":4624,"EventRecordId":"980829","ProcessId":552,"ThreadId":2824,"Level":"LogAlways","Keywords":"Audit success","SourceFile":"/tmp/sift-owl-ezt-sample/nfury-security.evtx","ExtraDataOffset":0,"HiddenRecord":false,"TimeCreated":"2012-04-07T11:12:31.3867240+00:00","RecordNumber":980829}
{"PayloadData1":"Target: SHIELDBASE\\WKS-WIN764BITB$","PayloadData2":"LogonType 3","PayloadData3":"LogonId: 0x452F18","MapDescription":"An account was logged off","ChunkNumber":0,"Computer":"WKS-WIN764BITB.shieldbase.local","Payload":"{\"EventData\":{\"Data\":[{\"@Name\":\"TargetUserSid\",\"#text\":\"S-1-5-18\"},{\"@Name\":\"TargetUserName\",\"#text\":\"WKS-WIN764BITB$\"},{\"@Name\":\"TargetDomainName\",\"#text\":\"SHIELDBASE\"},{\"@Name\":\"TargetLogonId\",\"#text\":\"0x452F18\"},{\"@Name\":\"LogonType\",\"#text\":\"3\"}]}}","Channel":"Security","Provider":"Microsoft-Windows-Security-Auditing","EventId":4634,"EventRecordId":"980830","ProcessId":552,"ThreadId":2824,"Level":"LogAlways","Keywords":"Audit success","SourceFile":"/tmp/sift-owl-ezt-sample/nfury-security.evtx","ExtraDataOffset":0,"HiddenRecord":false,"TimeCreated":"2012-04-07T11:12:31.7929792+00:00","RecordNumber":980830}
{"PayloadData1":"Target: SHIELDBASE.LOCAL\\WKS-WIN764BITB$","PayloadData2":"TargetServerName: wks-win764bitb$","PayloadData3":"PID: 0x658","PayloadData4":"TargetInfo: wks-win764bitb$","UserName":"SHIELDBASE\\WKS-WIN764BITB$","RemoteHost":"-:-","ExecutableInfo":"C:\\Windows\\System32\\taskhost.exe","MapDescription":"A logon was attempted using explicit credentials","ChunkNumber":0,"Computer":"WKS-WIN764BITB.shieldbase.local","Payload":"{\"EventData\":{\"Data\":[{\"@Name\":\"SubjectUserSid\",\"#text\":\"S-1-5-18\"},{\"@Name\":\"SubjectUserName\",\"#text\":\"WKS-WIN764BITB$\"},{\"@Name\":\"SubjectDomainName\",\"#text\":\"SHIELDBASE\"},{\"@Name\":\"SubjectLogonId\",\"#text\":\"0x3E7\"},{\"@Name\":\"LogonGuid\",\"#text\":\"00000000-0000-0000-0000-000000000000\"},{\"@Name\":\"TargetUserName\",\"#text\":\"WKS-WIN764BITB$\"},{\"@Name\":\"TargetDomainName\",\"#text\":\"SHIELDBASE.LOCAL\"},{\"@Name\":\"TargetLogonGuid\",\"#text\":\"7671d877-63c4-3549-fd1e-39b9bfeeb3db\"},{\"@Name\":\"TargetServerName\",\"#text\":\"wks-win764bitb$\"},{\"@Name\":\"TargetInfo\",\"#text\":\"wks-win764bitb$\"},{\"@Name\":\"ProcessId\",\"#text\":\"0x658\"},{\"@Name\":\"ProcessName\",\"#text\":\"C:\\\\Windows\\\\System32\\\\taskhost.exe\"},{\"@Name\":\"IpAddress\",\"#text\":\"-\"},{\"@Name\":\"IpPort\",\"#text\":\"-\"}]}}","Channel":"Security","Provider":"Microsoft-Windows-Security-Auditing","EventId":4648,"EventRecordId":"980831","ProcessId":552,"ThreadId":2824,"Level":"LogAlways","Keywords":"Audit success","SourceFile":"/tmp/sift-owl-ezt-sample/nfury-security.evtx","ExtraDataOffset":0,"HiddenRecord":false,"TimeCreated":"2012-04-07T11:12:32.3242360+00:00","RecordNumber":980831}
{"PayloadData1":"PrivilegeList: SeSecurityPrivilege, SeBackupPrivilege, SeRestorePrivilege, SeTakeOwnershipPrivilege, SeDebugPrivilege, SeSystemEnvironmentPrivilege, SeLoadDriverPrivilege, SeImpersonatePrivilege","PayloadData2":"LogonId: 0x453310","UserName":"SHIELDBASE\\WKS-WIN764BITB$ (S-1-5-18)","MapDescription":"Administrative logon","ChunkNumber":0,"Computer":"WKS-WIN764BITB.shieldbase.local","Payload":"{\"EventData\":{\"Data\":[{\"@Name\":\"SubjectUserSid\",\"#text\":\"S-1-5-18\"},{\"@Name\":\"SubjectUserName\",\"#text\":\"WKS-WIN764BITB$\"},{\"@Name\":\"SubjectDomainName\",\"#text\":\"SHIELDBASE\"},{\"@Name\":\"SubjectLogonId\",\"#text\":\"0x453310\"},{\"@Name\":\"PrivilegeList\",\"#text\":\"SeSecurityPrivilege, SeBackupPrivilege, SeRestorePrivilege, SeTakeOwnershipPrivilege, SeDebugPrivilege, SeSystemEnvironmentPrivilege, SeLoadDriverPrivilege, SeImpersonatePrivilege\"}]}}","Channel":"Security","Provider":"Microsoft-Windows-Security-Auditing","EventId":4672,"EventRecordId":"980832","ProcessId":552,"ThreadId":2824,"Level":"LogAlways","Keywords":"Audit success","SourceFile":"/tmp/sift-owl-ezt-sample/nfury-security.evtx","ExtraDataOffset":0,"HiddenRecord":false,"TimeCreated":"2012-04-07T11:12:32.3242360+00:00","RecordNumber":980832}
{"PayloadData1":"Target: SHIELDBASE\\WKS-WIN764BITB$","PayloadData2":"LogonType 3","PayloadData3":"LogonId: 0x453310","PayloadData4":"AuthenticationPackageName: Kerberos","PayloadData5":"LogonProcessName: Kerberos","UserName":"-\\-","RemoteHost":" (-)","ExecutableInfo":"-","MapDescription":"Successful logon","ChunkNumber":0,"Computer":"WKS-WIN764BITB.shieldbase.local","Payload":"{\"EventData\":{\"Data\":[{\"@Name\":\"SubjectUserSid\",\"#text\":\"S-1-0-0\"},{\"@Name\":\"SubjectUserName\",\"#text\":\"-\"},{\"@Name\":\"SubjectDomainName\",\"#text\":\"-\"},{\"@Name\":\"SubjectLogonId\",\"#text\":\"0x0\"},{\"@Name\":\"TargetUserSid\",\"#text\":\"S-1-5-18\"},{\"@Name\":\"TargetUserName\",\"#text\":\"WKS-WIN764BITB$\"},{\"@Name\":\"TargetDomainName\",\"#text\":\"SHIELDBASE\"},{\"@Name\":\"TargetLogonId\",\"#text\":\"0x453310\"},{\"@Name\":\"LogonType\",\"#text\":\"3\"},{\"@Name\":\"LogonProcessName\",\"#text\":\"Kerberos\"},{\"@Name\":\"AuthenticationPackageName\",\"#text\":\"Kerberos\"},{\"@Name\":\"WorkstationName\"},{\"@Name\":\"LogonGuid\",\"#text\":\"c5c46101-6948-1569-ca88-5bba807001c4\"},{\"@Name\":\"TransmittedServices\",\"#text\":\"-\"},{\"@Name\":\"LmPackageName\",\"#text\":\"-\"},{\"@Name\":\"KeyLength\",\"#text\":\"0\"},{\"@Name\":\"ProcessId\",\"#text\":\"0x0\"},{\"@Name\":\"ProcessName\",\"#text\":\"-\"},{\"@Name\":\"IpAddress\",\"#text\":\"-\"},{\"@Name\":\"IpPort\",\"#text\":\"-\"}]}}","Channel":"Security","Provider":"Microsoft-Windows-Security-Auditing","EventId":4624,"EventRecordId":"980833","ProcessId":552,"ThreadId":2824,"Level":"LogAlways","Keywords":"Audit success","SourceFile":"/tmp/sift-owl-ezt-sample/nfury-security.evtx","ExtraDataOffset":0,"HiddenRecord":false,"TimeCreated":"2012-04-07T11:12:32.3242360+00:00","RecordNumber":980833}
{"PayloadData1":"Target: SHIELDBASE\\WKS-WIN764BITB$","PayloadData2":"LogonType 3","PayloadData3":"LogonId: 0x453310","MapDescription":"An account was logged off","ChunkNumber":0,"Computer":"WKS-WIN764BITB.shieldbase.local","Payload":"{\"EventData\":{\"Data\":[{\"@Name\":\"TargetUserSid\",\"#text\":\"S-1-5-18\"},{\"@Name\":\"TargetUserName\",\"#text\":\"WKS-WIN764BITB$\"},{\"@Name\":\"TargetDomainName\",\"#text\":\"SHIELDBASE\"},{\"@Name\":\"TargetLogonId\",\"#text\":\"0x453310\"},{\"@Name\":\"LogonType\",\"#text\":\"3\"}]}}","Channel":"Security","Provider":"Microsoft-Windows-Security-Auditing","EventId":4634,"EventRecordId":"980834","ProcessId":552,"ThreadId":2824,"Level":"LogAlways","Keywords":"Audit success","SourceFile":"/tmp/sift-owl-ezt-sample/nfury-security.evtx","ExtraDataOffset":0,"HiddenRecord":false,"TimeCreated":"2012-04-07T11:12:32.3711116+00:00","RecordNumber":980834}
{"PayloadData1":"PrivilegeList: SeSecurityPrivilege, SeBackupPrivilege, SeRestorePrivilege, SeTakeOwnershipPrivilege, SeDebugPrivilege, SeSystemEnvironmentPrivilege, SeLoadDriverPrivilege, SeImpersonatePrivilege","PayloadData2":"LogonId: 0x478D2D","UserName":"SHIELDBASE\\WKS-WIN764BITB$ (S-1-5-18)","MapDescription":"Administrative logon","ChunkNumber":0,"Computer":"WKS-WIN764BITB.shieldbase.local","Payload":"{\"EventData\":{\"Data\":[{\"@Name\":\"SubjectUserSid\",\"#text\":\"S-1-5-18\"},{\"@Name\":\"SubjectUserName\",\"#text\":\"WKS-WIN764BITB$\"},{\"@Name\":\"SubjectDomainName\",\"#text\":\"SHIELDBASE\"},{\"@Name\":\"SubjectLogonId\",\"#text\":\"0x478D2D\"},{\"@Name\":\"PrivilegeList\",\"#text\":\"SeSecurityPrivilege, SeBackupPrivilege, SeRestorePrivilege, SeTakeOwnershipPrivilege, SeDebugPrivilege, SeSystemEnvironmentPrivilege, SeLoadDriverPrivilege, SeImpersonatePrivilege\"}]}}","Channel":"Security","Provider":"Microsoft-Windows-Security-Auditing","EventId":4672,"EventRecordId":"980835","ProcessId":552,"ThreadId":1308,"Level":"LogAlways","Keywords":"Audit success","SourceFile":"/tmp/sift-owl-ezt-sample/nfury-security.evtx","ExtraDataOffset":0,"HiddenRecord":false,"TimeCreated":"2012-04-07T12:36:19.5448336+00:00","RecordNumber":980835}
{"PayloadData1":"Target: SHIELDBASE\\WKS-WIN764BITB$","PayloadData2":"LogonType 3","PayloadData3":"LogonId: 0x478D2D","PayloadData4":"AuthenticationPackageName: Kerberos","PayloadData5":"LogonProcessName: Kerberos","UserName":"-\\-","RemoteHost":" (::1)","ExecutableInfo":"-","MapDescription":"Successful logon","ChunkNumber":0,"Computer":"WKS-WIN764BITB.shieldbase.local","Payload":"{\"EventData\":{\"Data\":[{\"@Name\":\"SubjectUserSid\",\"#text\":\"S-1-0-0\"},{\"@Name\":\"SubjectUserName\",\"#text\":\"-\"},{\"@Name\":\"SubjectDomainName\",\"#text\":\"-\"},{\"@Name\":\"SubjectLogonId\",\"#text\":\"0x0\"},{\"@Name\":\"TargetUserSid\",\"#text\":\"S-1-5-18\"},{\"@Name\":\"TargetUserName\",\"#text\":\"WKS-WIN764BITB$\"},{\"@Name\":\"TargetDomainName\",\"#text\":\"SHIELDBASE\"},{\"@Name\":\"TargetLogonId\",\"#text\":\"0x478D2D\"},{\"@Name\":\"LogonType\",\"#text\":\"3\"},{\"@Name\":\"LogonProcessName\",\"#text\":\"Kerberos\"},{\"@Name\":\"AuthenticationPackageName\",\"#text\":\"Kerberos\"},{\"@Name\":\"WorkstationName\"},{\"@Name\":\"LogonGuid\",\"#text\":\"b5a5a8e5-ccf7-ec95-2a2e-ccd4e7645cdc\"},{\"@Name\":\"TransmittedServices\",\"#text\":\"-\"},{\"@Name\":\"LmPackageName\",\"#text\":\"-\"},{\"@Name\":\"KeyLength\",\"#text\":\"0\"},{\"@Name\":\"ProcessId\",\"#text\":\"0x0\"},{\"@Name\":\"ProcessName\",\"#text\":\"-\"},{\"@Name\":\"IpAddress\",\"#text\":\"::1\"},{\"@Name\":\"IpPort\",\"#text\":\"0\"}]}}","Channel":"Security","Provider":"Microsoft-Windows-Security-Auditing","EventId":4624,"EventRecordId":"980836","ProcessId":552,"ThreadId":1308,"Level":"LogAlways","Keywords":"Audit success","SourceFile":"/tmp/sift-owl-ezt-sample/nfury-security.evtx","ExtraDataOffset":0,"HiddenRecord":false,"TimeCreated":"2012-04-07T12:36:19.5448336+00:00","RecordNumber":980836}
{"PayloadData1":"Target: SHIELDBASE\\WKS-WIN764BITB$","PayloadData2":"LogonType 3","PayloadData3":"LogonId: 0x478D2D","MapDescription":"An account was logged off","ChunkNumber":0,"Computer":"WKS-WIN764BITB.shieldbase.local","Payload":"{\"EventData\":{\"Data\":[{\"@Name\":\"TargetUserSid\",\"#text\":\"S-1-5-18\"},{\"@Name\":\"TargetUserName\",\"#text\":\"WKS-WIN764BITB$\"},{\"@Name\":\"TargetDomainName\",\"#text\":\"SHIELDBASE\"},{\"@Name\":\"TargetLogonId\",\"#text\":\"0x478D2D\"},{\"@Name\":\"LogonType\",\"#text\":\"3\"}]}}","Channel":"Security","Provider":"Microsoft-Windows-Security-Auditing","EventId":4634,"EventRecordId":"980837","ProcessId":552,"ThreadId":1308,"Level":"LogAlways","Keywords":"Audit success","SourceFile":"/tmp/sift-owl-ezt-sample/nfury-security.evtx","ExtraDataOffset":0,"HiddenRecord":false,"TimeCreated":"2012-04-07T12:36:19.6542100+00:00","RecordNumber":980837}
